Microsoft (R) Macro Assembler Version 14.29.30139.0	    01/23/22 21:10:33
Project1    (project1.asm				     Page 1 - 1


				TITLE Project1    (project1.asm)

				; Author: Michael Hwang
				; Last Modified: 1/23/2022
				; OSU email address: hwangmic@oregonstate.edu
				; Course number/section:   CS271 Section 400
				; Project Number: 1                Due Date: 1/23/2022
				; Description: This program will find the sums and differences of 3 numbers that are entered in decreasing. 
				;			   The numbers must be entered in decreasing order for the program to work properly.
				;			   If the user wants to repeat the program, enter 1 on the last prompt.
				;			   Any non 1 inputs will end the program.

				INCLUDE Irvine32.inc
			      C ; Include file for Irvine32.lib             (Irvine32.inc)
			      C 
			      C ;OPTION CASEMAP:NONE		; optional: make identifiers case-sensitive
			      C 
			      C INCLUDE SmallWin.inc		; MS-Windows prototypes, structures, and constants
			      C .NOLIST
			      C .LIST
			      C 
			      C INCLUDE VirtualKeys.inc
			      C ; VirtualKeys.inc
			      C .NOLIST
			      C .LIST
			      C 
			      C 
			      C .NOLIST
			      C .LIST
			      C 

 00000000			.data
 00000000 00000000		input1		SDWORD ?		;user input 1
 00000004 00000000		input2		SDWORD ?		;user input 2
 00000008 00000000		input3		SDWORD ?		;user input 3

 0000000C 00000000		sum1		SDWORD ?		;sum of A + B
 00000010 00000000		sum2		SDWORD ?		;sum of A + C
 00000014 00000000		sum3		SDWORD ?		;sum of B + C
 00000018 00000000		sum4		SDWORD ?		;sum of A + B + C

 0000001C 00000000		dif1		SDWORD ?		;difference of A - B
 00000020 00000000		dif2		SDWORD ?		;difference of A - C
 00000024 00000000		dif3		SDWORD ?		;difference of B - C

 00000028 46 69 72 73 74	prompt1		BYTE "First number: ", 0		;user input 1
	   20 6E 75 6D 62
	   65 72 3A 20 00
 00000037 53 65 63 6F 6E	prompt2		BYTE "Second number: ", 0		;user input 2
	   64 20 6E 75 6D
	   62 65 72 3A 20
	   00
 00000047 54 68 69 72 64	prompt3		BYTE "Third number: ", 0		;user input 3
	   20 6E 75 6D 62
	   65 72 3A 20 00

 00000056 45 6C 65 6D 65	intro1		BYTE "Elementary Arithmetic by Michael H.", 0
	   6E 74 61 72 79
	   20 41 72 69 74
	   68 6D 65 74 69
	   63 20 62 79 20
	   4D 69 63 68 61
	   65 6C 20 48 2E
	   00
 0000007A 2A 2A 45 43 3A	intro2		BYTE "**EC: Program repeats until user chooses to quit.", 0
	   20 50 72 6F 67
	   72 61 6D 20 72
	   65 70 65 61 74
	   73 20 75 6E 74
	   69 6C 20 75 73
	   65 72 20 63 68
	   6F 6F 73 65 73
	   20 74 6F 20 71
	   75 69 74 2E 00
 000000AC 45 6E 74 65 72	instruction	BYTE "Enter 3 numbers A > B > C, and I'll show you the sums and differences.", 0
	   20 33 20 6E 75
	   6D 62 65 72 73
	   20 41 20 3E 20
	   42 20 3E 20 43
	   2C 20 61 6E 64
	   20 49 27 6C 6C
	   20 73 68 6F 77
	   20 79 6F 75 20
	   74 68 65 20 73
	   75 6D 73 20 61
	   6E 64 20 64 69
	   66 66 65 72 65
	   6E 63 65 73 2E
	   00
 000000F3 54 68 61 6E 6B	goodbye1	BYTE "Thanks for using Elementary Arithmetic!  Goodbye!", 0
	   73 20 66 6F 72
	   20 75 73 69 6E
	   67 20 45 6C 65
	   6D 65 6E 74 61
	   72 79 20 41 72
	   69 74 68 6D 65
	   74 69 63 21 20
	   20 47 6F 6F 64
	   62 79 65 21 00

 00000125 20 2B 20 00		plus		BYTE " + ", 0
 00000129 20 2D 20 00		minus		BYTE " - ", 0
 0000012D 20 3D 20 00		equal		BYTE " = ",0

 00000131 57 6F 75 6C 64	looper		BYTE "Would you like to try again? (1 for yes, != 1 for no): ", 0	;extra credit
	   20 79 6F 75 20
	   6C 69 6B 65 20
	   74 6F 20 74 72
	   79 20 61 67 61
	   69 6E 3F 20 28
	   31 20 66 6F 72
	   20 79 65 73 2C
	   20 21 3D 20 31
	   20 66 6F 72 20
	   6E 6F 29 3A 20
	   00

 00000000			.code
 00000000			main PROC

				;print title and purpose of program
 00000000  BA 00000056 R		mov		edx, OFFSET intro1
 00000005  E8 00000000 E		call	WriteString
 0000000A  E8 00000000 E		call	CrLf
 0000000F  BA 0000007A R		mov		edx, OFFSET intro2
 00000014  E8 00000000 E		call	WriteString
 00000019  E8 00000000 E		call	CrLf
 0000001E  E8 00000000 E		call	CrLf

 00000023			top:		;top of the user chosen loop

				;print instruction text
 00000023  BA 000000AC R		mov		edx, OFFSET instruction
 00000028  E8 00000000 E		call	WriteString
 0000002D  E8 00000000 E		call	CrLf

				;print prompt to get first user input
 00000032  BA 00000028 R		mov		edx, OFFSET prompt1
 00000037  E8 00000000 E		call	WriteString
 0000003C  E8 00000000 E		call	ReadInt
 00000041  A3 00000000 R		mov		input1, eax

				;print prompt to get second user input
 00000046  BA 00000037 R		mov		edx, OFFSET prompt2
 0000004B  E8 00000000 E		call	WriteString
 00000050  E8 00000000 E		call	ReadInt
 00000055  A3 00000004 R		mov		input2, eax

				;print prompt to get third user input
 0000005A  BA 00000047 R		mov		edx, OFFSET prompt3
 0000005F  E8 00000000 E		call	WriteString
 00000064  E8 00000000 E		call	ReadInt
 00000069  A3 00000008 R		mov		input3, eax

				;calculations
				;sum of A + B
 0000006E  A1 00000000 R		mov		eax, input1
 00000073  03 05 00000004 R		add		eax, input2
 00000079  A3 0000000C R		mov		sum1, eax

				;sum of A + C
 0000007E  A1 00000000 R		mov		eax, input1
 00000083  03 05 00000008 R		add		eax, input3
 00000089  A3 00000010 R		mov		sum2, eax

				;sum of B + C
 0000008E  A1 00000004 R		mov		eax, input2
 00000093  03 05 00000008 R		add		eax, input3
 00000099  A3 00000014 R		mov		sum3, eax

				;difference of A - B
 0000009E  A1 00000000 R		mov		eax, input1
 000000A3  2B 05 00000004 R		sub		eax, input2
 000000A9  A3 0000001C R		mov		dif1, eax

				;difference of A - C
 000000AE  A1 00000000 R		mov		eax, input1
 000000B3  2B 05 00000008 R		sub		eax, input3
 000000B9  A3 00000020 R		mov		dif2, eax

				;difference of B - C
 000000BE  A1 00000004 R		mov		eax, input2
 000000C3  2B 05 00000008 R		sub		eax, input3
 000000C9  A3 00000024 R		mov		dif3, eax

				;sum of A + B + C
					;find the sum of A + B
 000000CE  A1 00000000 R		mov		eax, input1
 000000D3  03 05 00000004 R		add		eax, input2
 000000D9  A3 00000018 R		mov		sum4, eax
					;adding C to the sum of A + B
 000000DE  A1 00000018 R		mov		eax, sum4
 000000E3  03 05 00000008 R		add		eax, input3
 000000E9  A3 00000018 R		mov		sum4, eax


				;print out sum A + B
					;print input 1
 000000EE  A1 00000000 R		mov		eax, input1
 000000F3  E8 00000000 E		call	WriteDec
					;print plus sign
 000000F8  BA 00000125 R		mov		edx, OFFSET plus
 000000FD  E8 00000000 E		call	WriteString
					;print input 2
 00000102  A1 00000004 R		mov		eax, input2
 00000107  E8 00000000 E		call	WriteDec
					;print equal sign
 0000010C  BA 0000012D R		mov		edx, OFFSET equal
 00000111  E8 00000000 E		call	WriteString
					;print sum of first two inputs
 00000116  A1 0000000C R		mov		eax, sum1
 0000011B  E8 00000000 E		call	WriteDec
 00000120  E8 00000000 E		call	CrLF

				;print out sum A + C
					;print input 1
 00000125  A1 00000000 R		mov		eax, input1
 0000012A  E8 00000000 E		call	WriteDec
					;print plus sign
 0000012F  BA 00000125 R		mov		edx, OFFSET plus
 00000134  E8 00000000 E		call	WriteString
					;print input 3
 00000139  A1 00000008 R		mov		eax, input3
 0000013E  E8 00000000 E		call	WriteDec
					;print equal sign
 00000143  BA 0000012D R		mov		edx, OFFSET equal
 00000148  E8 00000000 E		call	WriteString
					;print sum of first two inputs
 0000014D  A1 00000010 R		mov		eax, sum2
 00000152  E8 00000000 E		call	WriteDec
 00000157  E8 00000000 E		call	CrLF

				;print out sum B + C
					;print input 1
 0000015C  A1 00000004 R		mov		eax, input2
 00000161  E8 00000000 E		call	WriteDec
					;print plus sign
 00000166  BA 00000125 R		mov		edx, OFFSET plus
 0000016B  E8 00000000 E		call	WriteString
					;print input 2
 00000170  A1 00000008 R		mov		eax, input3
 00000175  E8 00000000 E		call	WriteDec
					;print equal sign
 0000017A  BA 0000012D R		mov		edx, OFFSET equal
 0000017F  E8 00000000 E		call	WriteString
					;print sum of first two inputs
 00000184  A1 00000014 R		mov		eax, sum3
 00000189  E8 00000000 E		call	WriteDec
 0000018E  E8 00000000 E		call	CrLF

				;print out sum A - B
					;print input 1
 00000193  A1 00000000 R		mov		eax, input1
 00000198  E8 00000000 E		call	WriteDec
					;print minus sign
 0000019D  BA 00000129 R		mov		edx, OFFSET minus
 000001A2  E8 00000000 E		call	WriteString
					;print input 2
 000001A7  A1 00000004 R		mov		eax, input2
 000001AC  E8 00000000 E		call	WriteDec
					;print equal sign
 000001B1  BA 0000012D R		mov		edx, OFFSET equal
 000001B6  E8 00000000 E		call	WriteString
					;print sum of first two inputs
 000001BB  A1 0000001C R		mov		eax, dif1
 000001C0  E8 00000000 E		call	WriteDec
 000001C5  E8 00000000 E		call	CrLF

				;print out sum A - C
					;print input 1
 000001CA  A1 00000000 R		mov		eax, input1
 000001CF  E8 00000000 E		call	WriteDec
					;print minus sign
 000001D4  BA 00000129 R		mov		edx, OFFSET minus
 000001D9  E8 00000000 E		call	WriteString
					;print input 3
 000001DE  A1 00000008 R		mov		eax, input3
 000001E3  E8 00000000 E		call	WriteDec
					;print equal sign
 000001E8  BA 0000012D R		mov		edx, OFFSET equal
 000001ED  E8 00000000 E		call	WriteString
					;print sum of first two inputs
 000001F2  A1 00000020 R		mov		eax, dif2
 000001F7  E8 00000000 E		call	WriteDec
 000001FC  E8 00000000 E		call	CrLF

				;print out sum B - C
					;print input 2
 00000201  A1 00000004 R		mov		eax, input2
 00000206  E8 00000000 E		call	WriteDec
					;print minus sign
 0000020B  BA 00000129 R		mov		edx, OFFSET minus
 00000210  E8 00000000 E		call	WriteString
					;print input 3
 00000215  A1 00000008 R		mov		eax, input3
 0000021A  E8 00000000 E		call	WriteDec
					;print equal sign
 0000021F  BA 0000012D R		mov		edx, OFFSET equal
 00000224  E8 00000000 E		call WriteString
					;print sum of first two inputs
 00000229  A1 00000024 R		mov		eax, dif3
 0000022E  E8 00000000 E		call	WriteDec
 00000233  E8 00000000 E		call	CrLF

				;print out sum of A + B + C
					;print input 1
 00000238  A1 00000000 R		mov		eax, input1
 0000023D  E8 00000000 E		call	WriteDec
					;print plus sign
 00000242  BA 00000125 R		mov		edx, OFFSET plus
 00000247  E8 00000000 E		call	WriteString
					;print input 2
 0000024C  A1 00000004 R		mov		eax, input2
 00000251  E8 00000000 E		call	WriteDec
					;print plus sign
 00000256  BA 00000125 R		mov		edx, OFFSET plus
 0000025B  E8 00000000 E		call	WriteString
					;print input 3
 00000260  A1 00000008 R		mov		eax, input3
 00000265  E8 00000000 E		call	WriteDec
					;print equal sign
 0000026A  BA 0000012D R		mov		edx, OFFSET equal
 0000026F  E8 00000000 E		call	WriteString
					;print sum of first two inputs
 00000274  A1 00000018 R		mov		eax, sum4
 00000279  E8 00000000 E		call	WriteDec
 0000027E  E8 00000000 E		call	CrLF

				;do again loop
 00000283  BA 00000131 R		mov		edx, OFFSET looper	;print loop message
 00000288  E8 00000000 E		call	WriteString
 0000028D  E8 00000000 E		call	ReadInt				;read user input
 00000292  83 F8 01			cmp		eax, 1				;compare user input to 1
 00000295  0F 84 FFFFFD88		je		top					;jump to first number prompt if user input is 1

				;print goodbye
 0000029B  BA 000000F3 R		mov		edx, OFFSET goodbye1
 000002A0  E8 00000000 E		call	WriteString
 000002A5  E8 00000000 E		call	CrLf

				Invoke ExitProcess,0	; exit to operating system
 000002AA  6A 00	   *	    push   +000000000h
 000002AC  E8 00000000 E   *	    call   ExitProcess

 000002B1			main ENDP

				; (insert additional procedures here)

				END main
Microsoft (R) Macro Assembler Version 14.29.30139.0	    01/23/22 21:10:33
Project1    (project1.asm				     Symbols 2 - 1




Structures and Unions:

                N a m e                  Size
                                         Offset      Type

CONSOLE_CURSOR_INFO  . . . . . .	 00000008
  dwSize . . . . . . . . . . . .	 00000000	 DWord
  bVisible . . . . . . . . . . .	 00000004	 DWord
CONSOLE_SCREEN_BUFFER_INFO . . .	 00000016
  dwSize . . . . . . . . . . . .	 00000000	 DWord
  dwCursorPosition . . . . . . .	 00000004	 DWord
  wAttributes  . . . . . . . . .	 00000008	 Word
  srWindow . . . . . . . . . . .	 0000000A	 QWord
  dwMaximumWindowSize  . . . . .	 00000012	 DWord
COORD  . . . . . . . . . . . . .	 00000004
  X  . . . . . . . . . . . . . .	 00000000	 Word
  Y  . . . . . . . . . . . . . .	 00000002	 Word
FILETIME . . . . . . . . . . . .	 00000008
  loDateTime . . . . . . . . . .	 00000000	 DWord
  hiDateTime . . . . . . . . . .	 00000004	 DWord
FOCUS_EVENT_RECORD . . . . . . .	 00000004
  bSetFocus  . . . . . . . . . .	 00000000	 DWord
FPU_ENVIRON  . . . . . . . . . .	 0000001C
  controlWord  . . . . . . . . .	 00000000	 Word
  statusWord . . . . . . . . . .	 00000004	 Word
  tagWord  . . . . . . . . . . .	 00000008	 Word
  instrPointerOffset . . . . . .	 0000000C	 DWord
  instrPointerSelector . . . . .	 00000010	 DWord
  operandPointerOffset . . . . .	 00000014	 DWord
  operandPointerSelector . . . .	 00000018	 Word
INPUT_RECORD . . . . . . . . . .	 00000014
  EventType  . . . . . . . . . .	 00000000	 Word
  Event  . . . . . . . . . . . .	 00000004	 XmmWord
  bKeyDown . . . . . . . . . . .	 00000000	 DWord
  wRepeatCount . . . . . . . . .	 00000004	 Word
  wVirtualKeyCode  . . . . . . .	 00000006	 Word
  wVirtualScanCode . . . . . . .	 00000008	 Word
  uChar  . . . . . . . . . . . .	 0000000A	 Word
  UnicodeChar  . . . . . . . . .	 00000000	 Word
  AsciiChar  . . . . . . . . . .	 00000000	 Byte
  dwControlKeyState  . . . . . .	 0000000C	 DWord
  dwMousePosition  . . . . . . .	 00000000	 DWord
  dwButtonState  . . . . . . . .	 00000004	 DWord
  dwMouseControlKeyState . . . .	 00000008	 DWord
  dwEventFlags . . . . . . . . .	 0000000C	 DWord
  dwSize . . . . . . . . . . . .	 00000000	 DWord
  dwCommandId  . . . . . . . . .	 00000000	 DWord
  bSetFocus  . . . . . . . . . .	 00000000	 DWord
KEY_EVENT_RECORD . . . . . . . .	 00000010
  bKeyDown . . . . . . . . . . .	 00000000	 DWord
  wRepeatCount . . . . . . . . .	 00000004	 Word
  wVirtualKeyCode  . . . . . . .	 00000006	 Word
  wVirtualScanCode . . . . . . .	 00000008	 Word
  uChar  . . . . . . . . . . . .	 0000000A	 Word
  UnicodeChar  . . . . . . . . .	 00000000	 Word
  AsciiChar  . . . . . . . . . .	 00000000	 Byte
  dwControlKeyState  . . . . . .	 0000000C	 DWord
MENU_EVENT_RECORD  . . . . . . .	 00000004
  dwCommandId  . . . . . . . . .	 00000000	 DWord
MOUSE_EVENT_RECORD . . . . . . .	 00000010
  dwMousePosition  . . . . . . .	 00000000	 DWord
  dwButtonState  . . . . . . . .	 00000004	 DWord
  dwMouseControlKeyState . . . .	 00000008	 DWord
  dwEventFlags . . . . . . . . .	 0000000C	 DWord
SMALL_RECT . . . . . . . . . . .	 00000008
  Left . . . . . . . . . . . . .	 00000000	 Word
  Top  . . . . . . . . . . . . .	 00000002	 Word
  Right  . . . . . . . . . . . .	 00000004	 Word
  Bottom . . . . . . . . . . . .	 00000006	 Word
SYSTEMTIME . . . . . . . . . . .	 00000010
  wYear  . . . . . . . . . . . .	 00000000	 Word
  wMonth . . . . . . . . . . . .	 00000002	 Word
  wDayOfWeek . . . . . . . . . .	 00000004	 Word
  wDay . . . . . . . . . . . . .	 00000006	 Word
  wHour  . . . . . . . . . . . .	 00000008	 Word
  wMinute  . . . . . . . . . . .	 0000000A	 Word
  wSecond  . . . . . . . . . . .	 0000000C	 Word
  wMilliseconds  . . . . . . . .	 0000000E	 Word
WINDOW_BUFFER_SIZE_RECORD  . . .	 00000004
  dwSize . . . . . . . . . . . .	 00000000	 DWord


Segments and Groups:

                N a m e                 Size     Length   Align   Combine Class

FLAT . . . . . . . . . . . . . .	GROUP
STACK  . . . . . . . . . . . . .	32 Bit	 00001000 Para	  Stack	  'STACK'	 
_DATA  . . . . . . . . . . . . .	32 Bit	 00000169 Para	  Public  'DATA'	
_TEXT  . . . . . . . . . . . . .	32 Bit	 000002B1 Para	  Public  'CODE'	


Procedures, parameters, and locals:

                N a m e                 Type     Value    Attr

CloseFile  . . . . . . . . . . .	P Near	 00000000 FLAT	Length= 00000000 External STDCALL
CloseHandle  . . . . . . . . . .	P Near	 00000000 FLAT	Length= 00000000 External STDCALL
Clrscr . . . . . . . . . . . . .	P Near	 00000000 FLAT	Length= 00000000 External STDCALL
CreateFileA  . . . . . . . . . .	P Near	 00000000 FLAT	Length= 00000000 External STDCALL
CreateOutputFile . . . . . . . .	P Near	 00000000 FLAT	Length= 00000000 External STDCALL
Crlf . . . . . . . . . . . . . .	P Near	 00000000 FLAT	Length= 00000000 External STDCALL
Delay  . . . . . . . . . . . . .	P Near	 00000000 FLAT	Length= 00000000 External STDCALL
DumpMem  . . . . . . . . . . . .	P Near	 00000000 FLAT	Length= 00000000 External STDCALL
DumpRegs . . . . . . . . . . . .	P Near	 00000000 FLAT	Length= 00000000 External STDCALL
ExitProcess  . . . . . . . . . .	P Near	 00000000 FLAT	Length= 00000000 External STDCALL
FileTimeToDosDateTime  . . . . .	P Near	 00000000 FLAT	Length= 00000000 External STDCALL
FileTimeToSystemTime . . . . . .	P Near	 00000000 FLAT	Length= 00000000 External STDCALL
FlushConsoleInputBuffer  . . . .	P Near	 00000000 FLAT	Length= 00000000 External STDCALL
FormatMessageA . . . . . . . . .	P Near	 00000000 FLAT	Length= 00000000 External STDCALL
GetCommandLineA  . . . . . . . .	P Near	 00000000 FLAT	Length= 00000000 External STDCALL
GetCommandTail . . . . . . . . .	P Near	 00000000 FLAT	Length= 00000000 External STDCALL
GetConsoleCP . . . . . . . . . .	P Near	 00000000 FLAT	Length= 00000000 External STDCALL
GetConsoleCursorInfo . . . . . .	P Near	 00000000 FLAT	Length= 00000000 External STDCALL
GetConsoleMode . . . . . . . . .	P Near	 00000000 FLAT	Length= 00000000 External STDCALL
GetConsoleScreenBufferInfo . . .	P Near	 00000000 FLAT	Length= 00000000 External STDCALL
GetDateTime  . . . . . . . . . .	P Near	 00000000 FLAT	Length= 00000000 External STDCALL
GetFileTime  . . . . . . . . . .	P Near	 00000000 FLAT	Length= 00000000 External STDCALL
GetKeyState  . . . . . . . . . .	P Near	 00000000 FLAT	Length= 00000000 External STDCALL
GetLastError . . . . . . . . . .	P Near	 00000000 FLAT	Length= 00000000 External STDCALL
GetLocalTime . . . . . . . . . .	P Near	 00000000 FLAT	Length= 00000000 External STDCALL
GetMaxXY . . . . . . . . . . . .	P Near	 00000000 FLAT	Length= 00000000 External STDCALL
GetMseconds  . . . . . . . . . .	P Near	 00000000 FLAT	Length= 00000000 External STDCALL
GetNumberOfConsoleInputEvents  .	P Near	 00000000 FLAT	Length= 00000000 External STDCALL
GetProcessHeap . . . . . . . . .	P Near	 00000000 FLAT	Length= 00000000 External STDCALL
GetStdHandle . . . . . . . . . .	P Near	 00000000 FLAT	Length= 00000000 External STDCALL
GetSystemTime  . . . . . . . . .	P Near	 00000000 FLAT	Length= 00000000 External STDCALL
GetTextColor . . . . . . . . . .	P Near	 00000000 FLAT	Length= 00000000 External STDCALL
GetTickCount . . . . . . . . . .	P Near	 00000000 FLAT	Length= 00000000 External STDCALL
Gotoxy . . . . . . . . . . . . .	P Near	 00000000 FLAT	Length= 00000000 External STDCALL
HeapAlloc  . . . . . . . . . . .	P Near	 00000000 FLAT	Length= 00000000 External STDCALL
HeapCreate . . . . . . . . . . .	P Near	 00000000 FLAT	Length= 00000000 External STDCALL
HeapDestroy  . . . . . . . . . .	P Near	 00000000 FLAT	Length= 00000000 External STDCALL
HeapFree . . . . . . . . . . . .	P Near	 00000000 FLAT	Length= 00000000 External STDCALL
HeapSize . . . . . . . . . . . .	P Near	 00000000 FLAT	Length= 00000000 External STDCALL
IsDigit  . . . . . . . . . . . .	P Near	 00000000 FLAT	Length= 00000000 External STDCALL
LocalFree  . . . . . . . . . . .	P Near	 00000000 FLAT	Length= 00000000 External STDCALL
MessageBoxA  . . . . . . . . . .	P Near	 00000000 FLAT	Length= 00000000 External STDCALL
MsgBoxAsk  . . . . . . . . . . .	P Near	 00000000 FLAT	Length= 00000000 External STDCALL
MsgBox . . . . . . . . . . . . .	P Near	 00000000 FLAT	Length= 00000000 External STDCALL
OpenInputFile  . . . . . . . . .	P Near	 00000000 FLAT	Length= 00000000 External STDCALL
ParseDecimal32 . . . . . . . . .	P Near	 00000000 FLAT	Length= 00000000 External STDCALL
ParseInteger32 . . . . . . . . .	P Near	 00000000 FLAT	Length= 00000000 External STDCALL
PeekConsoleInputA  . . . . . . .	P Near	 00000000 FLAT	Length= 00000000 External STDCALL
Random32 . . . . . . . . . . . .	P Near	 00000000 FLAT	Length= 00000000 External STDCALL
RandomRange  . . . . . . . . . .	P Near	 00000000 FLAT	Length= 00000000 External STDCALL
Randomize  . . . . . . . . . . .	P Near	 00000000 FLAT	Length= 00000000 External STDCALL
ReadChar . . . . . . . . . . . .	P Near	 00000000 FLAT	Length= 00000000 External STDCALL
ReadConsoleA . . . . . . . . . .	P Near	 00000000 FLAT	Length= 00000000 External STDCALL
ReadConsoleInputA  . . . . . . .	P Near	 00000000 FLAT	Length= 00000000 External STDCALL
ReadDec  . . . . . . . . . . . .	P Near	 00000000 FLAT	Length= 00000000 External STDCALL
ReadFile . . . . . . . . . . . .	P Near	 00000000 FLAT	Length= 00000000 External STDCALL
ReadFloat  . . . . . . . . . . .	P Near	 00000000 FLAT	Length= 00000000 External STDCALL
ReadFromFile . . . . . . . . . .	P Near	 00000000 FLAT	Length= 00000000 External STDCALL
ReadHex  . . . . . . . . . . . .	P Near	 00000000 FLAT	Length= 00000000 External STDCALL
ReadInt  . . . . . . . . . . . .	P Near	 00000000 FLAT	Length= 00000000 External STDCALL
ReadKeyFlush . . . . . . . . . .	P Near	 00000000 FLAT	Length= 00000000 External STDCALL
ReadKey  . . . . . . . . . . . .	P Near	 00000000 FLAT	Length= 00000000 External STDCALL
ReadString . . . . . . . . . . .	P Near	 00000000 FLAT	Length= 00000000 External STDCALL
SetConsoleCursorInfo . . . . . .	P Near	 00000000 FLAT	Length= 00000000 External STDCALL
SetConsoleCursorPosition . . . .	P Near	 00000000 FLAT	Length= 00000000 External STDCALL
SetConsoleMode . . . . . . . . .	P Near	 00000000 FLAT	Length= 00000000 External STDCALL
SetConsoleScreenBufferSize . . .	P Near	 00000000 FLAT	Length= 00000000 External STDCALL
SetConsoleTextAttribute  . . . .	P Near	 00000000 FLAT	Length= 00000000 External STDCALL
SetConsoleTitleA . . . . . . . .	P Near	 00000000 FLAT	Length= 00000000 External STDCALL
SetConsoleWindowInfo . . . . . .	P Near	 00000000 FLAT	Length= 00000000 External STDCALL
SetFilePointer . . . . . . . . .	P Near	 00000000 FLAT	Length= 00000000 External STDCALL
SetLocalTime . . . . . . . . . .	P Near	 00000000 FLAT	Length= 00000000 External STDCALL
SetTextColor . . . . . . . . . .	P Near	 00000000 FLAT	Length= 00000000 External STDCALL
ShowFPUStack . . . . . . . . . .	P Near	 00000000 FLAT	Length= 00000000 External STDCALL
Sleep  . . . . . . . . . . . . .	P Near	 00000000 FLAT	Length= 00000000 External STDCALL
StrLength  . . . . . . . . . . .	P Near	 00000000 FLAT	Length= 00000000 External STDCALL
Str_compare  . . . . . . . . . .	P Near	 00000000 FLAT	Length= 00000000 External STDCALL
Str_copy . . . . . . . . . . . .	P Near	 00000000 FLAT	Length= 00000000 External STDCALL
Str_length . . . . . . . . . . .	P Near	 00000000 FLAT	Length= 00000000 External STDCALL
Str_trim . . . . . . . . . . . .	P Near	 00000000 FLAT	Length= 00000000 External STDCALL
Str_ucase  . . . . . . . . . . .	P Near	 00000000 FLAT	Length= 00000000 External STDCALL
SystemTimeToFileTime . . . . . .	P Near	 00000000 FLAT	Length= 00000000 External STDCALL
WaitMsg  . . . . . . . . . . . .	P Near	 00000000 FLAT	Length= 00000000 External STDCALL
WriteBinB  . . . . . . . . . . .	P Near	 00000000 FLAT	Length= 00000000 External STDCALL
WriteBin . . . . . . . . . . . .	P Near	 00000000 FLAT	Length= 00000000 External STDCALL
WriteChar  . . . . . . . . . . .	P Near	 00000000 FLAT	Length= 00000000 External STDCALL
WriteConsoleA  . . . . . . . . .	P Near	 00000000 FLAT	Length= 00000000 External STDCALL
WriteConsoleOutputAttribute  . .	P Near	 00000000 FLAT	Length= 00000000 External STDCALL
WriteConsoleOutputCharacterA . .	P Near	 00000000 FLAT	Length= 00000000 External STDCALL
WriteDec . . . . . . . . . . . .	P Near	 00000000 FLAT	Length= 00000000 External STDCALL
WriteFile  . . . . . . . . . . .	P Near	 00000000 FLAT	Length= 00000000 External STDCALL
WriteFloat . . . . . . . . . . .	P Near	 00000000 FLAT	Length= 00000000 External STDCALL
WriteHexB  . . . . . . . . . . .	P Near	 00000000 FLAT	Length= 00000000 External STDCALL
WriteHex . . . . . . . . . . . .	P Near	 00000000 FLAT	Length= 00000000 External STDCALL
WriteInt . . . . . . . . . . . .	P Near	 00000000 FLAT	Length= 00000000 External STDCALL
WriteStackFrameName  . . . . . .	P Near	 00000000 FLAT	Length= 00000000 External STDCALL
WriteStackFrame  . . . . . . . .	P Near	 00000000 FLAT	Length= 00000000 External STDCALL
WriteString  . . . . . . . . . .	P Near	 00000000 FLAT	Length= 00000000 External STDCALL
WriteToFile  . . . . . . . . . .	P Near	 00000000 FLAT	Length= 00000000 External STDCALL
WriteWindowsMsg  . . . . . . . .	P Near	 00000000 FLAT	Length= 00000000 External STDCALL
main . . . . . . . . . . . . . .	P Near	 00000000 _TEXT	Length= 000002B1 Public STDCALL
  top  . . . . . . . . . . . . .	L Near	 00000023 _TEXT	
printf . . . . . . . . . . . . .	P Near	 00000000 FLAT	Length= 00000000 External C
scanf  . . . . . . . . . . . . .	P Near	 00000000 FLAT	Length= 00000000 External C
wsprintfA  . . . . . . . . . . .	P Near	 00000000 FLAT	Length= 00000000 External C


Symbols:

                N a m e                 Type     Value    Attr

@CodeSize  . . . . . . . . . . .	Number	 00000000h   
@DataSize  . . . . . . . . . . .	Number	 00000000h   
@Interface . . . . . . . . . . .	Number	 00000003h   
@Model . . . . . . . . . . . . .	Number	 00000007h   
@code  . . . . . . . . . . . . .	Text   	 _TEXT
@data  . . . . . . . . . . . . .	Text   	 FLAT
@fardata?  . . . . . . . . . . .	Text   	 FLAT
@fardata . . . . . . . . . . . .	Text   	 FLAT
@stack . . . . . . . . . . . . .	Text   	 FLAT
ALT_MASK . . . . . . . . . . . .	Number	 00000003h   
CAPSLOCK_ON  . . . . . . . . . .	Number	 00000080h   
CREATE_ALWAYS  . . . . . . . . .	Number	 00000002h   
CREATE_NEW . . . . . . . . . . .	Number	 00000001h   
CTRL_MASK  . . . . . . . . . . .	Number	 0000000Ch   
CreateFile . . . . . . . . . . .	Text   	 CreateFileA
DO_NOT_SHARE . . . . . . . . . .	Number	 00000000h   
ENABLE_ECHO_INPUT  . . . . . . .	Number	 00000004h   
ENABLE_LINE_INPUT  . . . . . . .	Number	 00000002h   
ENABLE_MOUSE_INPUT . . . . . . .	Number	 00000010h   
ENABLE_PROCESSED_INPUT . . . . .	Number	 00000001h   
ENABLE_PROCESSED_OUTPUT  . . . .	Number	 00000001h   
ENABLE_WINDOW_INPUT  . . . . . .	Number	 00000008h   
ENABLE_WRAP_AT_EOL_OUTPUT  . . .	Number	 00000002h   
ENHANCED_KEY . . . . . . . . . .	Number	 00000100h   
FALSE  . . . . . . . . . . . . .	Number	 00000000h   
FILE_APPEND_DATA . . . . . . . .	Number	 00000004h   
FILE_ATTRIBUTE_ARCHIVE . . . . .	Number	 00000020h   
FILE_ATTRIBUTE_COMPRESSED  . . .	Number	 00000800h   
FILE_ATTRIBUTE_DEVICE  . . . . .	Number	 00000040h   
FILE_ATTRIBUTE_DIRECTORY . . . .	Number	 00000010h   
FILE_ATTRIBUTE_ENCRYPTED . . . .	Number	 00004000h   
FILE_ATTRIBUTE_HIDDEN  . . . . .	Number	 00000002h   
FILE_ATTRIBUTE_NORMAL  . . . . .	Number	 00000080h   
FILE_ATTRIBUTE_NOT_CONTENT_INDEXED .	Number	 00002000h   
FILE_ATTRIBUTE_OFFLINE . . . . .	Number	 00001000h   
FILE_ATTRIBUTE_READONLY  . . . .	Number	 00000001h   
FILE_ATTRIBUTE_REPARSE_POINT . .	Number	 00000400h   
FILE_ATTRIBUTE_SPARSE_FILE . . .	Number	 00000200h   
FILE_ATTRIBUTE_SYSTEM  . . . . .	Number	 00000004h   
FILE_ATTRIBUTE_TEMPORARY . . . .	Number	 00000100h   
FILE_BEGIN . . . . . . . . . . .	Number	 00000000h   
FILE_CURRENT . . . . . . . . . .	Number	 00000001h   
FILE_DELETE_CHILD  . . . . . . .	Number	 00000040h   
FILE_END . . . . . . . . . . . .	Number	 00000002h   
FILE_READ_DATA . . . . . . . . .	Number	 00000001h   
FILE_SHARE_DELETE  . . . . . . .	Number	 00000004h   
FILE_SHARE_READ  . . . . . . . .	Number	 00000001h   
FILE_SHARE_WRITE . . . . . . . .	Number	 00000002h   
FILE_WRITE_DATA  . . . . . . . .	Number	 00000002h   
FOCUS_EVENT  . . . . . . . . . .	Number	 00000010h   
FORMAT_MESSAGE_ALLOCATE_BUFFER .	Number	 00000100h   
FORMAT_MESSAGE_FROM_SYSTEM . . .	Number	 00001000h   
FormatMessage  . . . . . . . . .	Text   	 FormatMessageA
GENERIC_ALL  . . . . . . . . . .	Number	 10000000h   
GENERIC_EXECUTE  . . . . . . . .	Number	 20000000h   
GENERIC_READ . . . . . . . . . .	Number	 -80000000h   
GENERIC_WRITE  . . . . . . . . .	Number	 40000000h   
GetCommandLine . . . . . . . . .	Text   	 GetCommandLineA
HANDLE . . . . . . . . . . . . .	Text   	 DWORD
HEAP_GENERATE_EXCEPTIONS . . . .	Number	 00000004h   
HEAP_GROWABLE  . . . . . . . . .	Number	 00000002h   
HEAP_NO_SERIALIZE  . . . . . . .	Number	 00000001h   
HEAP_REALLOC_IN_PLACE_ONLY . . .	Number	 00000010h   
HEAP_ZERO_MEMORY . . . . . . . .	Number	 00000008h   
IDABORT  . . . . . . . . . . . .	Number	 00000003h   
IDCANCEL . . . . . . . . . . . .	Number	 00000002h   
IDCLOSE  . . . . . . . . . . . .	Number	 00000008h   
IDCONTINUE . . . . . . . . . . .	Number	 0000000Bh   
IDHELP . . . . . . . . . . . . .	Number	 00000009h   
IDIGNORE . . . . . . . . . . . .	Number	 00000005h   
IDNO . . . . . . . . . . . . . .	Number	 00000007h   
IDOK . . . . . . . . . . . . . .	Number	 00000001h   
IDRETRY  . . . . . . . . . . . .	Number	 00000004h   
IDTIMEOUT  . . . . . . . . . . .	Number	 00007D00h   
IDTRYAGAIN . . . . . . . . . . .	Number	 0000000Ah   
IDYES  . . . . . . . . . . . . .	Number	 00000006h   
INVALID_HANDLE_VALUE . . . . . .	Number	 -00000001h   
KBDOWN_FLAG  . . . . . . . . . .	Number	 00000001h   
KEY_EVENT  . . . . . . . . . . .	Number	 00000001h   
KEY_MASKS  . . . . . . . . . . .	Number	 0000001Fh   
LEFT_ALT_PRESSED . . . . . . . .	Number	 00000002h   
LEFT_CTRL_PRESSED  . . . . . . .	Number	 00000008h   
MB_ABORTRETRYIGNORE  . . . . . .	Number	 00000002h   
MB_APPLMODAL . . . . . . . . . .	Number	 00000000h   
MB_CANCELTRYCONTINUE . . . . . .	Number	 00000006h   
MB_DEFBUTTON1  . . . . . . . . .	Number	 00000000h   
MB_DEFBUTTON2  . . . . . . . . .	Number	 00000100h   
MB_DEFBUTTON3  . . . . . . . . .	Number	 00000200h   
MB_DEFBUTTON4  . . . . . . . . .	Number	 00000300h   
MB_HELP  . . . . . . . . . . . .	Number	 00004000h   
MB_ICONASTERISK  . . . . . . . .	Number	 00000040h   
MB_ICONERROR . . . . . . . . . .	Number	 00000010h   
MB_ICONEXCLAMATION . . . . . . .	Number	 00000030h   
MB_ICONHAND  . . . . . . . . . .	Number	 00000010h   
MB_ICONINFORMATION . . . . . . .	Number	 00000040h   
MB_ICONQUESTION  . . . . . . . .	Number	 00000020h   
MB_ICONSTOP  . . . . . . . . . .	Number	 00000010h   
MB_ICONWARNING . . . . . . . . .	Number	 00000030h   
MB_OKCANCEL  . . . . . . . . . .	Number	 00000001h   
MB_OK  . . . . . . . . . . . . .	Number	 00000000h   
MB_RETRYCANCEL . . . . . . . . .	Number	 00000005h   
MB_SYSTEMMODAL . . . . . . . . .	Number	 00001000h   
MB_TASKMODAL . . . . . . . . . .	Number	 00002000h   
MB_USERICON  . . . . . . . . . .	Number	 00000080h   
MB_YESNOCANCEL . . . . . . . . .	Number	 00000003h   
MB_YESNO . . . . . . . . . . . .	Number	 00000004h   
MENU_EVENT . . . . . . . . . . .	Number	 00000008h   
MOUSE_EVENT  . . . . . . . . . .	Number	 00000002h   
MessageBox . . . . . . . . . . .	Text   	 MessageBoxA
NULL . . . . . . . . . . . . . .	Number	 00000000h   
NUMLOCK_ON . . . . . . . . . . .	Number	 00000020h   
OPEN_ALWAYS  . . . . . . . . . .	Number	 00000004h   
OPEN_EXISTING  . . . . . . . . .	Number	 00000003h   
PeekConsoleInput . . . . . . . .	Text   	 PeekConsoleInputA
RIGHT_ALT_PRESSED  . . . . . . .	Number	 00000001h   
RIGHT_CTRL_PRESSED . . . . . . .	Number	 00000004h   
ReadConsoleInput . . . . . . . .	Text   	 ReadConsoleInputA
ReadConsole  . . . . . . . . . .	Text   	 ReadConsoleA
SCROLLLOCK_ON  . . . . . . . . .	Number	 00000040h   
SHIFT_MASK . . . . . . . . . . .	Number	 00000010h   
SHIFT_PRESSED  . . . . . . . . .	Number	 00000010h   
STD_ERROR_HANDLE . . . . . . . .	Number	 -0000000Ch   
STD_INPUT_HANDLE . . . . . . . .	Number	 -0000000Ah   
STD_OUTPUT_HANDLE  . . . . . . .	Number	 -0000000Bh   
SetConsoleTitle  . . . . . . . .	Text   	 SetConsoleTitleA
TAB  . . . . . . . . . . . . . .	Number	 00000009h   
TRUE . . . . . . . . . . . . . .	Number	 00000001h   
TRUNCATE_EXISTING  . . . . . . .	Number	 00000005h   
VK_11  . . . . . . . . . . . . .	Number	 000000BDh   
VK_12  . . . . . . . . . . . . .	Number	 000000BBh   
VK_ADD . . . . . . . . . . . . .	Number	 0000006Bh   
VK_BACK  . . . . . . . . . . . .	Number	 00000008h   
VK_CANCEL  . . . . . . . . . . .	Number	 00000003h   
VK_CAPITAL . . . . . . . . . . .	Number	 00000014h   
VK_CLEAR . . . . . . . . . . . .	Number	 0000000Ch   
VK_CONTROL . . . . . . . . . . .	Number	 00000011h   
VK_DECIMAL . . . . . . . . . . .	Number	 0000006Eh   
VK_DELETE  . . . . . . . . . . .	Number	 0000002Eh   
VK_DIVIDE  . . . . . . . . . . .	Number	 0000006Fh   
VK_DOWN  . . . . . . . . . . . .	Number	 00000028h   
VK_END . . . . . . . . . . . . .	Number	 00000023h   
VK_ESCAPE  . . . . . . . . . . .	Number	 0000001Bh   
VK_EXECUTE . . . . . . . . . . .	Number	 0000002Bh   
VK_F10 . . . . . . . . . . . . .	Number	 00000079h   
VK_F11 . . . . . . . . . . . . .	Number	 0000007Ah   
VK_F12 . . . . . . . . . . . . .	Number	 0000007Bh   
VK_F13 . . . . . . . . . . . . .	Number	 0000007Ch   
VK_F14 . . . . . . . . . . . . .	Number	 0000007Dh   
VK_F15 . . . . . . . . . . . . .	Number	 0000007Eh   
VK_F16 . . . . . . . . . . . . .	Number	 0000007Fh   
VK_F17 . . . . . . . . . . . . .	Number	 00000080h   
VK_F18 . . . . . . . . . . . . .	Number	 00000081h   
VK_F19 . . . . . . . . . . . . .	Number	 00000082h   
VK_F1  . . . . . . . . . . . . .	Number	 00000070h   
VK_F20 . . . . . . . . . . . . .	Number	 00000083h   
VK_F21 . . . . . . . . . . . . .	Number	 00000084h   
VK_F22 . . . . . . . . . . . . .	Number	 00000085h   
VK_F23 . . . . . . . . . . . . .	Number	 00000086h   
VK_F24 . . . . . . . . . . . . .	Number	 00000087h   
VK_F2  . . . . . . . . . . . . .	Number	 00000071h   
VK_F3  . . . . . . . . . . . . .	Number	 00000072h   
VK_F4  . . . . . . . . . . . . .	Number	 00000073h   
VK_F5  . . . . . . . . . . . . .	Number	 00000074h   
VK_F6  . . . . . . . . . . . . .	Number	 00000075h   
VK_F7  . . . . . . . . . . . . .	Number	 00000076h   
VK_F8  . . . . . . . . . . . . .	Number	 00000077h   
VK_F9  . . . . . . . . . . . . .	Number	 00000078h   
VK_HELP  . . . . . . . . . . . .	Number	 0000002Fh   
VK_HOME  . . . . . . . . . . . .	Number	 00000024h   
VK_INSERT  . . . . . . . . . . .	Number	 0000002Dh   
VK_LBUTTON . . . . . . . . . . .	Number	 00000001h   
VK_LCONTROL  . . . . . . . . . .	Number	 000000A2h   
VK_LEFT  . . . . . . . . . . . .	Number	 00000025h   
VK_LMENU . . . . . . . . . . . .	Number	 000000A4h   
VK_LSHIFT  . . . . . . . . . . .	Number	 000000A0h   
VK_MENU  . . . . . . . . . . . .	Number	 00000012h   
VK_MULTIPLY  . . . . . . . . . .	Number	 0000006Ah   
VK_NEXT  . . . . . . . . . . . .	Number	 00000022h   
VK_NUMLOCK . . . . . . . . . . .	Number	 00000090h   
VK_NUMPAD0 . . . . . . . . . . .	Number	 00000060h   
VK_NUMPAD1 . . . . . . . . . . .	Number	 00000061h   
VK_NUMPAD2 . . . . . . . . . . .	Number	 00000062h   
VK_NUMPAD3 . . . . . . . . . . .	Number	 00000063h   
VK_NUMPAD4 . . . . . . . . . . .	Number	 00000064h   
VK_NUMPAD5 . . . . . . . . . . .	Number	 00000065h   
VK_NUMPAD6 . . . . . . . . . . .	Number	 00000066h   
VK_NUMPAD7 . . . . . . . . . . .	Number	 00000067h   
VK_NUMPAD8 . . . . . . . . . . .	Number	 00000068h   
VK_NUMPAD9 . . . . . . . . . . .	Number	 00000069h   
VK_PAUSE . . . . . . . . . . . .	Number	 00000013h   
VK_PRINT . . . . . . . . . . . .	Number	 0000002Ah   
VK_PRIOR . . . . . . . . . . . .	Number	 00000021h   
VK_RBUTTON . . . . . . . . . . .	Number	 00000002h   
VK_RCONTROL  . . . . . . . . . .	Number	 000000A3h   
VK_RETURN  . . . . . . . . . . .	Number	 0000000Dh   
VK_RIGHT . . . . . . . . . . . .	Number	 00000027h   
VK_RMENU . . . . . . . . . . . .	Number	 000000A5h   
VK_RSHIFT  . . . . . . . . . . .	Number	 000000A1h   
VK_SCROLL  . . . . . . . . . . .	Number	 00000091h   
VK_SEPARATER . . . . . . . . . .	Number	 0000006Ch   
VK_SHIFT . . . . . . . . . . . .	Number	 00000010h   
VK_SNAPSHOT  . . . . . . . . . .	Number	 0000002Ch   
VK_SPACE . . . . . . . . . . . .	Number	 00000020h   
VK_SUBTRACT  . . . . . . . . . .	Number	 0000006Dh   
VK_TAB . . . . . . . . . . . . .	Number	 00000009h   
VK_UP  . . . . . . . . . . . . .	Number	 00000026h   
WINDOW_BUFFER_SIZE_EVENT . . . .	Number	 00000004h   
WriteConsoleOutputCharacter  . .	Text   	 WriteConsoleOutputCharacterA
WriteConsole . . . . . . . . . .	Text   	 WriteConsoleA
black  . . . . . . . . . . . . .	Number	 00000000h   
blue . . . . . . . . . . . . . .	Number	 00000001h   
brown  . . . . . . . . . . . . .	Number	 00000006h   
cyan . . . . . . . . . . . . . .	Number	 00000003h   
dif1 . . . . . . . . . . . . . .	DWord	 0000001C _DATA	
dif2 . . . . . . . . . . . . . .	DWord	 00000020 _DATA	
dif3 . . . . . . . . . . . . . .	DWord	 00000024 _DATA	
equal  . . . . . . . . . . . . .	Byte	 0000012D _DATA	
exit . . . . . . . . . . . . . .	Text   	 INVOKE ExitProcess,0
goodbye1 . . . . . . . . . . . .	Byte	 000000F3 _DATA	
gray . . . . . . . . . . . . . .	Number	 00000008h   
green  . . . . . . . . . . . . .	Number	 00000002h   
input1 . . . . . . . . . . . . .	DWord	 00000000 _DATA	
input2 . . . . . . . . . . . . .	DWord	 00000004 _DATA	
input3 . . . . . . . . . . . . .	DWord	 00000008 _DATA	
instruction  . . . . . . . . . .	Byte	 000000AC _DATA	
intro1 . . . . . . . . . . . . .	Byte	 00000056 _DATA	
intro2 . . . . . . . . . . . . .	Byte	 0000007A _DATA	
lightBlue  . . . . . . . . . . .	Number	 00000009h   
lightCyan  . . . . . . . . . . .	Number	 0000000Bh   
lightGray  . . . . . . . . . . .	Number	 00000007h   
lightGreen . . . . . . . . . . .	Number	 0000000Ah   
lightMagenta . . . . . . . . . .	Number	 0000000Dh   
lightRed . . . . . . . . . . . .	Number	 0000000Ch   
looper . . . . . . . . . . . . .	Byte	 00000131 _DATA	
magenta  . . . . . . . . . . . .	Number	 00000005h   
minus  . . . . . . . . . . . . .	Byte	 00000129 _DATA	
plus . . . . . . . . . . . . . .	Byte	 00000125 _DATA	
prompt1  . . . . . . . . . . . .	Byte	 00000028 _DATA	
prompt2  . . . . . . . . . . . .	Byte	 00000037 _DATA	
prompt3  . . . . . . . . . . . .	Byte	 00000047 _DATA	
red  . . . . . . . . . . . . . .	Number	 00000004h   
sum1 . . . . . . . . . . . . . .	DWord	 0000000C _DATA	
sum2 . . . . . . . . . . . . . .	DWord	 00000010 _DATA	
sum3 . . . . . . . . . . . . . .	DWord	 00000014 _DATA	
sum4 . . . . . . . . . . . . . .	DWord	 00000018 _DATA	
white  . . . . . . . . . . . . .	Number	 0000000Fh   
wsprintf . . . . . . . . . . . .	Text   	 wsprintfA
yellow . . . . . . . . . . . . .	Number	 0000000Eh   

	   0 Warnings
	   0 Errors
